<?xml version="1.0" encoding="UTF-8"?>
<!-- Generated by org.testng.reporters.JUnitReportReporter -->
<testsuite hostname="DESKTOP-7AJT7N3" failures="0" tests="1" name="commandLine.CreateProductsTest" time="0.046" errors="0" timestamp="2022-03-22T17:48:39 IST" skipped="0">
  <testcase classname="commandLine.CreateProductsTest" name="createProduct" time="0.046"/>
  <system-out/>
</testsuite> <!-- commandLine.CreateProductsTest -->
