<?xml version="1.0" encoding="UTF-8"?>
<<<<<<< HEAD
<!-- Generated by org.testng.reporters.JUnitReportReporter -->
<testsuite hostname="DESKTOP-7AJT7N3" failures="0" tests="1" name="practice.ParameterTest" time="132.947" errors="0" timestamp="2022-03-24T12:32:11 IST" skipped="0">
  <testcase classname="practice.ParameterTest" name="credentials" time="132.947"/>
=======
<!-- Generated by org.testng.reporters.JUnitReportReporter -->
<testsuite hostname="DESKTOP-7AJT7N3" failures="0" tests="1" name="practice.ParameterTest" time="0.015" errors="0" timestamp="2022-03-23T12:09:44 IST" skipped="0">
  <testcase classname="practice.ParameterTest" name="credentials" time="0.015"/>
>>>>>>> branch 'master' of https://github.com/vaibhavmsondur/com-crm-vtiger.git
  <system-out/>
</testsuite> <!-- practice.ParameterTest -->
