<?xml version="1.0" encoding="UTF-8"?>
<!-- Generated by org.testng.reporters.JUnitReportReporter -->
<testsuite hostname="DESKTOP-7AJT7N3" failures="0" tests="1" name="practice.ParameterTest" time="0.015" errors="0" timestamp="2022-03-23T12:09:44 IST" skipped="0">
  <testcase classname="practice.ParameterTest" name="credentials" time="0.015"/>
  <system-out/>
</testsuite> <!-- practice.ParameterTest -->
